<?xml version="1.0" encoding="UTF-8"?>
<!-- Generated by org.testng.reporters.JUnitReportReporter -->
<testsuite hostname="Preyal" failures="0" tests="11" name="selenium1.useexcelfordata" time="227.030" errors="0" timestamp="2020-12-27T17:53:55 GMT-05:00" skipped="0">
  <testcase classname="selenium1.useexcelfordata" name="NC2" time="23.957"/>
  <system-out/>
  <testcase classname="selenium1.useexcelfordata" name="NC2" time="29.085"/>
  <system-out/>
  <testcase classname="selenium1.useexcelfordata" name="NC2" time="12.584"/>
  <system-out/>
  <testcase classname="selenium1.useexcelfordata" name="NC2" time="16.127"/>
  <system-out/>
  <testcase classname="selenium1.useexcelfordata" name="NC2" time="36.170"/>
  <system-out/>
  <testcase classname="selenium1.useexcelfordata" name="NC2" time="18.341"/>
  <system-out/>
  <testcase classname="selenium1.useexcelfordata" name="NC2" time="18.754"/>
  <system-out/>
  <testcase classname="selenium1.useexcelfordata" name="NC2" time="13.033"/>
  <system-out/>
  <testcase classname="selenium1.useexcelfordata" name="NC2" time="19.020"/>
  <system-out/>
  <testcase classname="selenium1.useexcelfordata" name="NC2" time="11.965"/>
  <system-out/>
  <testcase classname="selenium1.useexcelfordata" name="NC2" time="27.994"/>
  <system-out/>
</testsuite> <!-- selenium1.useexcelfordata -->
