<?xml version="1.0" encoding="UTF-8"?>
<!-- Generated by org.testng.reporters.JUnitReportReporter -->
<testsuite hostname="Preyal" failures="0" tests="3" name="selenium1.NgBeforeAfter" time="0.012" errors="0" timestamp="2021-03-02T10:52:17 GMT-05:00" skipped="0">
  <testcase classname="selenium1.NgBeforeAfter" name="Writetestcase" time="0.009"/>
  <system-out/>
  <testcase classname="selenium1.NgBeforeAfter" name="Execute_test" time="0.001"/>
  <system-out/>
  <testcase classname="selenium1.NgBeforeAfter" name="Defect_log" time="0.002"/>
  <system-out/>
</testsuite> <!-- selenium1.NgBeforeAfter -->
