<?xml version="1.0" encoding="UTF-8"?>
<!-- Generated by org.testng.reporters.JUnitReportReporter -->
<testsuite hostname="Preyal" failures="0" tests="1" name="selenium1.Assertfunction" time="6.266" errors="0" timestamp="2021-03-14T10:46:13 GMT-04:00" skipped="0">
  <testcase classname="selenium1.Assertfunction" name="verifyTitle" time="6.266"/>
  <system-out/>
</testsuite> <!-- selenium1.Assertfunction -->
