<?xml version="1.0" encoding="UTF-8"?>
<!-- Generated by org.testng.reporters.JUnitReportReporter -->
<testsuite hostname="Preyal" failures="0" tests="3" name="selenium1.TestNGdatainsert" time="0.016" errors="0" timestamp="2021-03-14T10:46:13 GMT-04:00" skipped="0">
  <testcase classname="selenium1.TestNGdatainsert" name="Readdata" time="0.005"/>
  <system-out/>
  <testcase classname="selenium1.TestNGdatainsert" name="Readdata" time="0.009"/>
  <system-out/>
  <testcase classname="selenium1.TestNGdatainsert" name="Readdata" time="0.002"/>
  <system-out/>
</testsuite> <!-- selenium1.TestNGdatainsert -->
